<?xml version="1.0" encoding="UTF-8"?>
<!-- Generated by org.testng.reporters.JUnitReportReporter -->
<testsuite skipped="0" hostname="DESKTOP-RIONQTI" name="selenium.Class1" tests="4" failures="0" timestamp="2020-10-07T21:21:12 CAT" time="104.321" errors="0">
  <testcase name="test1" time="17.855" classname="selenium.Class1"/>
  <testcase name="test2" time="9.439" classname="selenium.Class1"/>
  <testcase name="test4" time="66.108" classname="selenium.Class1"/>
  <testcase name="test3" time="10.919" classname="selenium.Class1"/>
</testsuite> <!-- selenium.Class1 -->
