<?xml version="1.0" encoding="UTF-8"?>
<!-- Generated by org.testng.reporters.JUnitReportReporter -->
<testsuite skipped="0" hostname="DESKTOP-RIONQTI" name="selenium.Class2" tests="4" failures="0" timestamp="2020-09-22T10:06:39 CAT" time="64.110" errors="0">
  <testcase name="test1" time="17.265" classname="selenium.Class2"/>
  <testcase name="test4" time="27.744" classname="selenium.Class2"/>
  <testcase name="test3" time="10.629" classname="selenium.Class2"/>
  <testcase name="test2" time="8.472" classname="selenium.Class2"/>
</testsuite> <!-- selenium.Class2 -->
