<?xml version="1.0" encoding="UTF-8"?>
<!-- Generated by org.testng.reporters.JUnitReportReporter -->
<testsuite skipped="0" hostname="DESKTOP-RIONQTI" name="test.FunctionalUiTest2" tests="1" failures="0" timestamp="2021-01-15T10:02:14 CAT" time="22.904" errors="0">
  <testcase name="launchApplication" time="22.904" classname="test.FunctionalUiTest2"/>
</testsuite> <!-- test.FunctionalUiTest2 -->
