<?xml version="1.0" encoding="UTF-8"?>
<!-- Generated by org.testng.reporters.JUnitReportReporter -->
<testsuite skipped="0" hostname="DESKTOP-RIONQTI" name="ReactSites.DeliveryTabRedirect" tests="1" failures="0" timestamp="2020-10-07T20:07:37 CAT" time="32.562" errors="0">
  <testcase name="test1" time="32.562" classname="ReactSites.DeliveryTabRedirect"/>
</testsuite> <!-- ReactSites.DeliveryTabRedirect -->
